2023-01-11T05:12:42+00:00 CRITICAL Uncaught Error: Call to undefined function home_ur() in C:\xampp\htdocs\fresh\wp-content\themes\wplms\templates\login\pop_login.php:47
Stack trace:
#0 C:\xampp\htdocs\fresh\wp-content\themes\wplms\includes\init.php(1026): include_once()
#1 C:\xampp\htdocs\fresh\wp-content\themes\wplms\header.php(6765): vibe_include_template('login/pop_login...')
#2 C:\xampp\htdocs\fresh\wp-includes\template.php(783): require_once('C:\\xampp\\htdocs...')
#3 C:\xampp\htdocs\fresh\wp-includes\template.php(718): load_template('C:\\xampp\\htdocs...', true, Array)
#4 C:\xampp\htdocs\fresh\wp-includes\general-template.php(48): locate_template(Array, true, true, Array)
#5 C:\xampp\htdocs\fresh\wp-content\themes\wplms\notitle.php(5): get_header('')
#6 C:\xampp\htdocs\fresh\wp-includes\template-loader.php(106): include('C:\\xampp\\htdocs...')
#7 C:\xampp\htdocs\fresh\wp-blog-header.php(19): require_once('C:\\xampp\\htdocs...')
#8 C:\xampp\htdocs\fresh\index.php(17): require('C:\\xampp\\htdocs...')
#9 {main}
  thrown in C:\xampp\htdocs\fresh\wp-content\themes\wplms\templates\login\pop_login.php on line 47

2023-01-11T06:02:27+00:00 CRITICAL Uncaught Error: Call to undefined function show_blog_form() in C:\xampp\htdocs\fresh\wp-content\themes\wplms\templates\login\pop_login.php:416
Stack trace:
#0 C:\xampp\htdocs\fresh\wp-content\themes\wplms\includes\init.php(1026): include_once()
#1 C:\xampp\htdocs\fresh\wp-content\themes\wplms\header.php(6765): vibe_include_template('login/pop_login...')
#2 C:\xampp\htdocs\fresh\wp-includes\template.php(783): require_once('C:\\xampp\\htdocs...')
#3 C:\xampp\htdocs\fresh\wp-includes\template.php(718): load_template('C:\\xampp\\htdocs...', true, Array)
#4 C:\xampp\htdocs\fresh\wp-includes\general-template.php(48): locate_template(Array, true, true, Array)
#5 C:\xampp\htdocs\fresh\wp-content\themes\wplms\registration\register.php(13): get_header('')
#6 C:\xampp\htdocs\fresh\wp-includes\template.php(783): require_once('C:\\xampp\\htdocs...')
#7 C:\xampp\htdocs\fresh\wp-content\plugins\buddypress\bp-core\bp-core-catchuri.php(493): load_template('C:\\xampp\\htdocs...')
#8 C:\xampp\htdocs\fresh\wp-content\plugins\buddypress\bp-members\screens\register.php(238): bp_core_load_template(Array)
#9 C:\xampp\htdocs\fresh\wp-includes\class-wp-hook.php(308): bp_core_screen_signup('')
#10 C:\xampp\htdocs\fresh\wp-includes\class-wp-hook.php(332): WP_Hook->apply_filters(NULL, Array)
#11 C:\xampp\htdocs\fresh\wp-includes\plugin.php(517): WP_Hook->do_action(Array)
#12 C:\xampp\htdocs\fresh\wp-content\plugins\buddypress\bp-core\bp-core-dependency.php(359): do_action('bp_screens')
#13 C:\xampp\htdocs\fresh\wp-includes\class-wp-hook.php(308): bp_screens('')
#14 C:\xampp\htdocs\fresh\wp-includes\class-wp-hook.php(332): WP_Hook->apply_filters(NULL, Array)
#15 C:\xampp\htdocs\fresh\wp-includes\plugin.php(517): WP_Hook->do_action(Array)
#16 C:\xampp\htdocs\fresh\wp-content\plugins\buddypress\bp-core\bp-core-dependency.php(416): do_action('bp_template_red...')
#17 C:\xampp\htdocs\fresh\wp-includes\class-wp-hook.php(308): bp_template_redirect('')
#18 C:\xampp\htdocs\fresh\wp-includes\class-wp-hook.php(332): WP_Hook->apply_filters(NULL, Array)
#19 C:\xampp\htdocs\fresh\wp-includes\plugin.php(517): WP_Hook->do_action(Array)
#20 C:\xampp\htdocs\fresh\wp-includes\template-loader.php(13): do_action('template_redire...')
#21 C:\xampp\htdocs\fresh\wp-blog-header.php(19): require_once('C:\\xampp\\htdocs...')
#22 C:\xampp\htdocs\fresh\index.php(17): require('C:\\xampp\\htdocs...')
#23 {main}
  thrown in C:\xampp\htdocs\fresh\wp-content\themes\wplms\templates\login\pop_login.php on line 416

2023-01-11T06:02:44+00:00 CRITICAL Uncaught Error: Call to undefined function show_blog_form() in C:\xampp\htdocs\fresh\wp-content\themes\wplms\templates\login\pop_login.php:416
Stack trace:
#0 C:\xampp\htdocs\fresh\wp-content\themes\wplms\includes\init.php(1026): include_once()
#1 C:\xampp\htdocs\fresh\wp-content\themes\wplms\header.php(6765): vibe_include_template('login/pop_login...')
#2 C:\xampp\htdocs\fresh\wp-includes\template.php(783): require_once('C:\\xampp\\htdocs...')
#3 C:\xampp\htdocs\fresh\wp-includes\template.php(718): load_template('C:\\xampp\\htdocs...', true, Array)
#4 C:\xampp\htdocs\fresh\wp-includes\general-template.php(48): locate_template(Array, true, true, Array)
#5 C:\xampp\htdocs\fresh\wp-content\themes\wplms\registration\register.php(13): get_header('')
#6 C:\xampp\htdocs\fresh\wp-includes\template.php(783): require_once('C:\\xampp\\htdocs...')
#7 C:\xampp\htdocs\fresh\wp-content\plugins\buddypress\bp-core\bp-core-catchuri.php(493): load_template('C:\\xampp\\htdocs...')
#8 C:\xampp\htdocs\fresh\wp-content\plugins\buddypress\bp-members\screens\register.php(238): bp_core_load_template(Array)
#9 C:\xampp\htdocs\fresh\wp-includes\class-wp-hook.php(308): bp_core_screen_signup('')
#10 C:\xampp\htdocs\fresh\wp-includes\class-wp-hook.php(332): WP_Hook->apply_filters(NULL, Array)
#11 C:\xampp\htdocs\fresh\wp-includes\plugin.php(517): WP_Hook->do_action(Array)
#12 C:\xampp\htdocs\fresh\wp-content\plugins\buddypress\bp-core\bp-core-dependency.php(359): do_action('bp_screens')
#13 C:\xampp\htdocs\fresh\wp-includes\class-wp-hook.php(308): bp_screens('')
#14 C:\xampp\htdocs\fresh\wp-includes\class-wp-hook.php(332): WP_Hook->apply_filters(NULL, Array)
#15 C:\xampp\htdocs\fresh\wp-includes\plugin.php(517): WP_Hook->do_action(Array)
#16 C:\xampp\htdocs\fresh\wp-content\plugins\buddypress\bp-core\bp-core-dependency.php(416): do_action('bp_template_red...')
#17 C:\xampp\htdocs\fresh\wp-includes\class-wp-hook.php(308): bp_template_redirect('')
#18 C:\xampp\htdocs\fresh\wp-includes\class-wp-hook.php(332): WP_Hook->apply_filters(NULL, Array)
#19 C:\xampp\htdocs\fresh\wp-includes\plugin.php(517): WP_Hook->do_action(Array)
#20 C:\xampp\htdocs\fresh\wp-includes\template-loader.php(13): do_action('template_redire...')
#21 C:\xampp\htdocs\fresh\wp-blog-header.php(19): require_once('C:\\xampp\\htdocs...')
#22 C:\xampp\htdocs\fresh\index.php(17): require('C:\\xampp\\htdocs...')
#23 {main}
  thrown in C:\xampp\htdocs\fresh\wp-content\themes\wplms\templates\login\pop_login.php on line 416

2023-01-11T06:04:12+00:00 CRITICAL Uncaught Error: Call to undefined function show_user_form() in C:\xampp\htdocs\fresh\wp-content\themes\wplms\templates\login\pop_login.php:409
Stack trace:
#0 C:\xampp\htdocs\fresh\wp-content\themes\wplms\includes\init.php(1026): include_once()
#1 C:\xampp\htdocs\fresh\wp-content\themes\wplms\header.php(6765): vibe_include_template('login/pop_login...')
#2 C:\xampp\htdocs\fresh\wp-includes\template.php(783): require_once('C:\\xampp\\htdocs...')
#3 C:\xampp\htdocs\fresh\wp-includes\template.php(718): load_template('C:\\xampp\\htdocs...', true, Array)
#4 C:\xampp\htdocs\fresh\wp-includes\general-template.php(48): locate_template(Array, true, true, Array)
#5 C:\xampp\htdocs\fresh\wp-content\themes\wplms\registration\register.php(13): get_header('')
#6 C:\xampp\htdocs\fresh\wp-includes\template.php(783): require_once('C:\\xampp\\htdocs...')
#7 C:\xampp\htdocs\fresh\wp-content\plugins\buddypress\bp-core\bp-core-catchuri.php(493): load_template('C:\\xampp\\htdocs...')
#8 C:\xampp\htdocs\fresh\wp-content\plugins\buddypress\bp-members\screens\register.php(238): bp_core_load_template(Array)
#9 C:\xampp\htdocs\fresh\wp-includes\class-wp-hook.php(308): bp_core_screen_signup('')
#10 C:\xampp\htdocs\fresh\wp-includes\class-wp-hook.php(332): WP_Hook->apply_filters(NULL, Array)
#11 C:\xampp\htdocs\fresh\wp-includes\plugin.php(517): WP_Hook->do_action(Array)
#12 C:\xampp\htdocs\fresh\wp-content\plugins\buddypress\bp-core\bp-core-dependency.php(359): do_action('bp_screens')
#13 C:\xampp\htdocs\fresh\wp-includes\class-wp-hook.php(308): bp_screens('')
#14 C:\xampp\htdocs\fresh\wp-includes\class-wp-hook.php(332): WP_Hook->apply_filters(NULL, Array)
#15 C:\xampp\htdocs\fresh\wp-includes\plugin.php(517): WP_Hook->do_action(Array)
#16 C:\xampp\htdocs\fresh\wp-content\plugins\buddypress\bp-core\bp-core-dependency.php(416): do_action('bp_template_red...')
#17 C:\xampp\htdocs\fresh\wp-includes\class-wp-hook.php(308): bp_template_redirect('')
#18 C:\xampp\htdocs\fresh\wp-includes\class-wp-hook.php(332): WP_Hook->apply_filters(NULL, Array)
#19 C:\xampp\htdocs\fresh\wp-includes\plugin.php(517): WP_Hook->do_action(Array)
#20 C:\xampp\htdocs\fresh\wp-includes\template-loader.php(13): do_action('template_redire...')
#21 C:\xampp\htdocs\fresh\wp-blog-header.php(19): require_once('C:\\xampp\\htdocs...')
#22 C:\xampp\htdocs\fresh\index.php(17): require('C:\\xampp\\htdocs...')
#23 {main}
  thrown in C:\xampp\htdocs\fresh\wp-content\themes\wplms\templates\login\pop_login.php on line 409

2023-01-11T06:05:20+00:00 CRITICAL Uncaught Error: Call to undefined function show_blog_form() in C:\xampp\htdocs\fresh\wp-content\themes\wplms\templates\login\pop_login.php:411
Stack trace:
#0 C:\xampp\htdocs\fresh\wp-content\themes\wplms\includes\init.php(1026): include_once()
#1 C:\xampp\htdocs\fresh\wp-content\themes\wplms\header.php(6765): vibe_include_template('login/pop_login...')
#2 C:\xampp\htdocs\fresh\wp-includes\template.php(783): require_once('C:\\xampp\\htdocs...')
#3 C:\xampp\htdocs\fresh\wp-includes\template.php(718): load_template('C:\\xampp\\htdocs...', true, Array)
#4 C:\xampp\htdocs\fresh\wp-includes\general-template.php(48): locate_template(Array, true, true, Array)
#5 C:\xampp\htdocs\fresh\wp-content\themes\wplms\registration\register.php(13): get_header('')
#6 C:\xampp\htdocs\fresh\wp-includes\template.php(783): require_once('C:\\xampp\\htdocs...')
#7 C:\xampp\htdocs\fresh\wp-content\plugins\buddypress\bp-core\bp-core-catchuri.php(493): load_template('C:\\xampp\\htdocs...')
#8 C:\xampp\htdocs\fresh\wp-content\plugins\buddypress\bp-members\screens\register.php(238): bp_core_load_template(Array)
#9 C:\xampp\htdocs\fresh\wp-includes\class-wp-hook.php(308): bp_core_screen_signup('')
#10 C:\xampp\htdocs\fresh\wp-includes\class-wp-hook.php(332): WP_Hook->apply_filters(NULL, Array)
#11 C:\xampp\htdocs\fresh\wp-includes\plugin.php(517): WP_Hook->do_action(Array)
#12 C:\xampp\htdocs\fresh\wp-content\plugins\buddypress\bp-core\bp-core-dependency.php(359): do_action('bp_screens')
#13 C:\xampp\htdocs\fresh\wp-includes\class-wp-hook.php(308): bp_screens('')
#14 C:\xampp\htdocs\fresh\wp-includes\class-wp-hook.php(332): WP_Hook->apply_filters(NULL, Array)
#15 C:\xampp\htdocs\fresh\wp-includes\plugin.php(517): WP_Hook->do_action(Array)
#16 C:\xampp\htdocs\fresh\wp-content\plugins\buddypress\bp-core\bp-core-dependency.php(416): do_action('bp_template_red...')
#17 C:\xampp\htdocs\fresh\wp-includes\class-wp-hook.php(308): bp_template_redirect('')
#18 C:\xampp\htdocs\fresh\wp-includes\class-wp-hook.php(332): WP_Hook->apply_filters(NULL, Array)
#19 C:\xampp\htdocs\fresh\wp-includes\plugin.php(517): WP_Hook->do_action(Array)
#20 C:\xampp\htdocs\fresh\wp-includes\template-loader.php(13): do_action('template_redire...')
#21 C:\xampp\htdocs\fresh\wp-blog-header.php(19): require_once('C:\\xampp\\htdocs...')
#22 C:\xampp\htdocs\fresh\index.php(17): require('C:\\xampp\\htdocs...')
#23 {main}
  thrown in C:\xampp\htdocs\fresh\wp-content\themes\wplms\templates\login\pop_login.php on line 411

2023-01-11T06:46:09+00:00 CRITICAL syntax error, unexpected identifier "name", expecting "]" in C:\xampp\htdocs\fresh\wp-content\themes\wplms\templates\login\pop_login.php on line 404

2023-01-11T07:07:27+00:00 CRITICAL Uncaught TypeError: strpos(): Argument #1 ($haystack) must be of type string, array given in C:\xampp\htdocs\fresh\wp-includes\shortcodes.php:208
Stack trace:
#0 C:\xampp\htdocs\fresh\wp-includes\shortcodes.php(208): strpos(Array, '[')
#1 C:\xampp\htdocs\fresh\wp-content\themes\wplms\templates\login\pop_login.php(403): do_shortcode(Array)
#2 C:\xampp\htdocs\fresh\wp-content\themes\wplms\includes\init.php(1026): include_once('C:\\xampp\\htdocs...')
#3 C:\xampp\htdocs\fresh\wp-content\themes\wplms\header.php(6765): vibe_include_template('login/pop_login...')
#4 C:\xampp\htdocs\fresh\wp-includes\template.php(783): require_once('C:\\xampp\\htdocs...')
#5 C:\xampp\htdocs\fresh\wp-includes\template.php(718): load_template('C:\\xampp\\htdocs...', true, Array)
#6 C:\xampp\htdocs\fresh\wp-includes\general-template.php(48): locate_template(Array, true, true, Array)
#7 C:\xampp\htdocs\fresh\wp-content\themes\wplms\notitle.php(5): get_header('')
#8 C:\xampp\htdocs\fresh\wp-includes\template-loader.php(106): include('C:\\xampp\\htdocs...')
#9 C:\xampp\htdocs\fresh\wp-blog-header.php(19): require_once('C:\\xampp\\htdocs...')
#10 C:\xampp\htdocs\fresh\index.php(17): require('C:\\xampp\\htdocs...')
#11 {main}
  thrown in C:\xampp\htdocs\fresh\wp-includes\shortcodes.php on line 208

