2023-02-15T08:32:07+00:00 CRITICAL syntax error, unexpected token "=", expecting ")" in C:\xampp\htdocs\fresh\wp-content\themes\wplms\functions.php on line 451

2023-02-15T08:59:54+00:00 CRITICAL Uncaught Error: Object of class WP_Query could not be converted to string in C:\xampp\htdocs\fresh\wp-content\themes\wplms\functions.php:467
Stack trace:
#0 C:\xampp\htdocs\fresh\wp-includes\class-wp-hook.php(308): data_fetch('')
#1 C:\xampp\htdocs\fresh\wp-includes\class-wp-hook.php(332): WP_Hook->apply_filters('', Array)
#2 C:\xampp\htdocs\fresh\wp-includes\plugin.php(517): WP_Hook->do_action(Array)
#3 C:\xampp\htdocs\fresh\wp-admin\admin-ajax.php(188): do_action('wp_ajax_data_fe...')
#4 {main}
  thrown in C:\xampp\htdocs\fresh\wp-content\themes\wplms\functions.php on line 467

2023-02-15T08:59:56+00:00 CRITICAL Uncaught Error: Object of class WP_Query could not be converted to string in C:\xampp\htdocs\fresh\wp-content\themes\wplms\functions.php:467
Stack trace:
#0 C:\xampp\htdocs\fresh\wp-includes\class-wp-hook.php(308): data_fetch('')
#1 C:\xampp\htdocs\fresh\wp-includes\class-wp-hook.php(332): WP_Hook->apply_filters('', Array)
#2 C:\xampp\htdocs\fresh\wp-includes\plugin.php(517): WP_Hook->do_action(Array)
#3 C:\xampp\htdocs\fresh\wp-admin\admin-ajax.php(188): do_action('wp_ajax_data_fe...')
#4 {main}
  thrown in C:\xampp\htdocs\fresh\wp-content\themes\wplms\functions.php on line 467

2023-02-15T08:59:56+00:00 CRITICAL Uncaught Error: Object of class WP_Query could not be converted to string in C:\xampp\htdocs\fresh\wp-content\themes\wplms\functions.php:467
Stack trace:
#0 C:\xampp\htdocs\fresh\wp-includes\class-wp-hook.php(308): data_fetch('')
#1 C:\xampp\htdocs\fresh\wp-includes\class-wp-hook.php(332): WP_Hook->apply_filters('', Array)
#2 C:\xampp\htdocs\fresh\wp-includes\plugin.php(517): WP_Hook->do_action(Array)
#3 C:\xampp\htdocs\fresh\wp-admin\admin-ajax.php(188): do_action('wp_ajax_data_fe...')
#4 {main}
  thrown in C:\xampp\htdocs\fresh\wp-content\themes\wplms\functions.php on line 467

2023-02-15T09:00:47+00:00 CRITICAL Uncaught Error: Call to undefined function get_the_post() in C:\xampp\htdocs\fresh\wp-content\themes\wplms\functions.php:467
Stack trace:
#0 C:\xampp\htdocs\fresh\wp-includes\class-wp-hook.php(308): data_fetch('')
#1 C:\xampp\htdocs\fresh\wp-includes\class-wp-hook.php(332): WP_Hook->apply_filters('', Array)
#2 C:\xampp\htdocs\fresh\wp-includes\plugin.php(517): WP_Hook->do_action(Array)
#3 C:\xampp\htdocs\fresh\wp-admin\admin-ajax.php(188): do_action('wp_ajax_data_fe...')
#4 {main}
  thrown in C:\xampp\htdocs\fresh\wp-content\themes\wplms\functions.php on line 467

2023-02-15T09:00:50+00:00 CRITICAL Uncaught Error: Call to undefined function get_the_post() in C:\xampp\htdocs\fresh\wp-content\themes\wplms\functions.php:467
Stack trace:
#0 C:\xampp\htdocs\fresh\wp-includes\class-wp-hook.php(308): data_fetch('')
#1 C:\xampp\htdocs\fresh\wp-includes\class-wp-hook.php(332): WP_Hook->apply_filters('', Array)
#2 C:\xampp\htdocs\fresh\wp-includes\plugin.php(517): WP_Hook->do_action(Array)
#3 C:\xampp\htdocs\fresh\wp-admin\admin-ajax.php(188): do_action('wp_ajax_data_fe...')
#4 {main}
  thrown in C:\xampp\htdocs\fresh\wp-content\themes\wplms\functions.php on line 467

2023-02-15T09:00:50+00:00 CRITICAL Uncaught Error: Call to undefined function get_the_post() in C:\xampp\htdocs\fresh\wp-content\themes\wplms\functions.php:467
Stack trace:
#0 C:\xampp\htdocs\fresh\wp-includes\class-wp-hook.php(308): data_fetch('')
#1 C:\xampp\htdocs\fresh\wp-includes\class-wp-hook.php(332): WP_Hook->apply_filters('', Array)
#2 C:\xampp\htdocs\fresh\wp-includes\plugin.php(517): WP_Hook->do_action(Array)
#3 C:\xampp\htdocs\fresh\wp-admin\admin-ajax.php(188): do_action('wp_ajax_data_fe...')
#4 {main}
  thrown in C:\xampp\htdocs\fresh\wp-content\themes\wplms\functions.php on line 467

